_______________ coverage: platform win32, python 3.12.8-final-0 _______________

Name                  Stmts   Miss Branch BrPart  Cover   Missing
-----------------------------------------------------------------
bmap\_nodes.py          246      1     92      2    99%   277->289, 354
bmap\_procedures.py     359     27    144      5    92%   112, 161->189, 177->186, 261->263, 758->761, 796-823, 856-857, 911->914, 921-926
bmap\_util.py           389     30    170     28    88%   14-18, 67, 76, 89->exit, 100-106, 119, 130->exit, 135-136, 142, 442->445, 507->exit, 508->exit, 509->exit, 588->592, 589->592, 590->592, 618-619, 627->679, 639->637, 645->650, 654->652, 655->654, 658, 661-676, 683->687, 688->693, 744->exit
-----------------------------------------------------------------
TOTAL                   998     58    406     35    92%

1 file skipped due to complete coverage.
============ 58 passed, 1 skipped, 1 xfailed, 8 warnings in 3.88s =============
