============================= test session starts =============================
platform win32 -- Python 3.12.8, pytest-9.0.2, pluggy-1.6.0
rootdir: D:\Projects\Repositories\numpy_buffermap
configfile: pytest.toml
plugins: cov-7.0.0, timeout-2.4.0, xdist-3.8.0
timeout: 60.0s
timeout method: thread
timeout func_only: False
collected 0 items / 2 errors

=================================== ERRORS ====================================
_____________ ERROR collecting tests/unit/test_bmap_public_api.py _____________
ImportError while importing test module 'D:\Projects\Repositories\numpy_buffermap\tests\unit\test_bmap_public_api.py'.
Hint: make sure your test modules/packages have valid Python names.
Traceback:
C:\Users\charl\mambaforge\envs\codeutil\Lib\importlib\__init__.py:90: in import_module
    return _bootstrap._gcd_import(name[level:], package, level)
           ^^^^^^^^^^^^^^^^^^^^^^^^^^^^^^^^^^^^^^^^^^^^^^^^^^^^
tests\unit\test_bmap_public_api.py:8: in <module>
    from bmap import (
bmap\__init__.py:38: in <module>
    from . import _util as _  # load it first
    ^^^^^^^^^^^^^^^^^^^^^^^^
bmap\_util.py:11: in <module>
    from _typeshed import StrOrLiteralStr
E   ModuleNotFoundError: No module named '_typeshed'
_____________ ERROR collecting tests/integration/test_imports.py ______________
ImportError while importing test module 'D:\Projects\Repositories\numpy_buffermap\tests\integration\test_imports.py'.
Hint: make sure your test modules/packages have valid Python names.
Traceback:
C:\Users\charl\mambaforge\envs\codeutil\Lib\importlib\__init__.py:90: in import_module
    return _bootstrap._gcd_import(name[level:], package, level)
           ^^^^^^^^^^^^^^^^^^^^^^^^^^^^^^^^^^^^^^^^^^^^^^^^^^^^
tests\integration\test_imports.py:1: in <module>
    from bmap import (
bmap\__init__.py:38: in <module>
    from . import _util as _  # load it first
    ^^^^^^^^^^^^^^^^^^^^^^^^
bmap\_util.py:11: in <module>
    from _typeshed import StrOrLiteralStr
E   ModuleNotFoundError: No module named '_typeshed'
=========================== short test summary info ===========================
ERROR tests/unit/test_bmap_public_api.py
ERROR tests/integration/test_imports.py
!!!!!!!!!!!!!!!!!!! Interrupted: 2 errors during collection !!!!!!!!!!!!!!!!!!!
============================== 2 errors in 0.99s ==============================
