_______________ coverage: platform win32, python 3.12.8-final-0 _______________

Name                  Stmts   Miss Branch BrPart  Cover   Missing
-----------------------------------------------------------------
bmap\_nodes.py          247      0     88      1    99%   277->289
bmap\_procedures.py     349     29    136      4    91%   107, 157->179, 253->255, 751-753, 781-808, 841-842, 896->899, 906-911
bmap\_util.py           395     47    170     11    85%   14-18, 67, 76, 103->107, 449->452, 514->exit, 515->exit, 516->exit, 625-626, 636-687, 693->697, 698->703
-----------------------------------------------------------------
TOTAL                   995     76    394     16    91%

1 file skipped due to complete coverage.
============ 65 passed, 1 skipped, 1 xfailed, 8 warnings in 4.98s =============
