_______________ coverage: platform win32, python 3.12.8-final-0 _______________

Name                  Stmts   Miss Branch BrPart  Cover   Missing
-----------------------------------------------------------------
bmap\_nodes.py          246     13     92     10    90%   148->exit, 246->exit, 277->289, 308->exit, 348, 350-351, 354, 435->exit, 511-514, 533-537
bmap\_procedures.py     359     72    144     20    75%   112, 124-126, 148-163, 177-181, 202-210, 261->263, 412-414, 591->exit, 597, 604, 705->709, 706->709, 748->750, 752-757, 758->761, 760, 762-764, 765->770, 766->770, 796-823, 856-857, 862->exit, 911->914, 926
bmap\_util.py           389     72    170     33    75%   14-18, 64-67, 76, 80->exit, 89->exit, 92-106, 109-119, 123-136, 140-142, 360, 391, 413->exit, 445, 465->exit, 483-485, 490-491, 507->exit, 508->exit, 509->exit, 532->534, 561, 578-580, 588->592, 589->592, 590->592, 618-619, 627->679, 639->637, 645->650, 646->645, 653-658, 661-676, 683->687, 688->693, 729->exit, 744->exit
-----------------------------------------------------------------
TOTAL                   999    157    406     63    79%

1 file skipped due to complete coverage.
============ 43 passed, 1 skipped, 1 xfailed, 8 warnings in 3.46s =============
