============================= test session starts =============================
platform win32 -- Python 3.12.8, pytest-9.0.2, pluggy-1.6.0
rootdir: D:\Projects\Repositories\numpy_buffermap
configfile: pytest.toml
plugins: cov-7.0.0, timeout-2.4.0, xdist-3.8.0
timeout: 60.0s
timeout method: thread
timeout func_only: False
collected 29 items

tests\unit\test_bmap_public_api.py .........................Fs.          [ 96%]
D:\Projects\Repositories\numpy_buffermap\.venv\Lib\site-packages\coverage\html.py:131: CoverageWarning: No contexts were measured
  self.coverage._warn("No contexts were measured")
tests\integration\test_imports.py .                                      [100%]

================================== FAILURES ===================================
__________________ test_bmap_get_clone_and_allocator_string ___________________

    @pytest.mark.regression
    def test_bmap_get_clone_and_allocator_string() -> None:
        """Cover bmap_get resolution, deep cloning, and allocator codegen."""
        arr = ar_spec((2,), name="a")
        root = db_node(arr, name="Root Node")
    
        assert bmap_get([0], root) is arr
        assert bmap_get("a", root) is arr
    
        cloned = clone_bmap(root)
        assert isinstance(cloned, ContainerNode)
        assert cloned is not root
    
        build_bmap(root, align=BufferAlign.BYTE)
>       alloc_src = build_buffer_allocator(root, args=(buffer_expr("n"), "type_flt"))
                    ^^^^^^^^^^^^^^^^^^^^^^^^^^^^^^^^^^^^^^^^^^^^^^^^^^^^^^^^^^^^^^^^^

tests\unit\test_bmap_public_api.py:370: 
_ _ _ _ _ _ _ _ _ _ _ _ _ _ _ _ _ _ _ _ _ _ _ _ _ _ _ _ _ _ _ _ _ _ _ _ _ _ _ _

buffer_map = |Node Root Node rule=D children=1 nbytes=16|
args = ['n', 'type_flt'], kwargs = {}, tempvar = 't', subname = False
chkforbuffer = True, balign = 4096, fullreduce = True

    def build_buffer_allocator(
        buffer_map: ContainerNode,
        args: Collection[SymbolKey] = (),
        kwargs: dict[SymbolKey, SizeParam] | None = None,
        tempvar: str = "t",
        subname: bool = False,
        chkforbuffer: bool = True,
        balign: SizeParam = BufferAlign.PAGE,
        fullreduce: bool = True,
    ) -> str:
        """
        Builds the string definition of a function that dynamically allocates the arrays and values of a buffer map.
    
        :param buffer_map: Original buffer map.
        :param balign: The initial alignment of the buffer. It must be greater than or equal to the alignment you choose to build the buffer_map with.
        """
        # make sure sym_dic is using symbols, so for user it's ok to specify them with string keys
        args = [
            *((k.name if isinstance(k, sym.Symbol) else k) for k in args),
        ]
        args.sort(
            key=lambda x: c_orlen(x, "type_"),
        )
        kwargs = (
            {(k.name if isinstance(k, sym.Symbol) else k): v for k, v in kwargs.items()} if kwargs is not None else {}
        )  # only symbols not expressions supported now, all expressions should be evaluated into needed equations.
        # for now there is also no dead-parameter/dead-code removal, and no checks for if all used input parameters are referenced in the header
        if chkforbuffer:
            hd = BButil.build_header(buffer_map, args, kwargs, balign=balign)
            assert buffer_map.nbytes is not None
            allq: list[SizeParam] = [buffer_map.nbytes]
            ct = [1]
        else:
            hd = BButil.build_header(buffer_map, args, kwargs, check_alloc=None, balign=balign)
            allq = []
            ct = [0]
    
        if fullreduce:
            allq.extend(_cxprs(buffer_map))  # already 'least expressions' form.
            if buffer_map.rule == BufferMap.DISTINCT: allq.pop()  # if initial buffer node is distinct we don't need the
            lyrs, reduc = cse_codereduction(allq, tempvar)
            strl = ls_layers(lyrs)
>           allc = (BButil.add_balloc(reduc[0]),) if chkforbuffer else ()
                                      ^^^^^^^^
E           IndexError: list index out of range

bmap\_procedures.py:94: IndexError
============================== warnings summary ===============================
tests/unit/test_bmap_public_api.py::test_bmap_pyvis_smoke
  D:\Projects\Repositories\numpy_buffermap\.venv\Lib\site-packages\pydot\dot_parser.py:373: DeprecationWarning: 'setParseAction' deprecated - use 'set_parse_action'
    assignment.setParseAction(push_attr_list)

tests/unit/test_bmap_public_api.py::test_bmap_pyvis_smoke
  D:\Projects\Repositories\numpy_buffermap\.venv\Lib\site-packages\pydot\dot_parser.py:374: DeprecationWarning: 'setParseAction' deprecated - use 'set_parse_action'
    a_list.setParseAction(push_attr_list)

tests/unit/test_bmap_public_api.py::test_bmap_pyvis_smoke
  D:\Projects\Repositories\numpy_buffermap\.venv\Lib\site-packages\pydot\dot_parser.py:375: DeprecationWarning: 'setParseAction' deprecated - use 'set_parse_action'
    edge_stmt.setParseAction(push_edge_stmt)

tests/unit/test_bmap_public_api.py::test_bmap_pyvis_smoke
  D:\Projects\Repositories\numpy_buffermap\.venv\Lib\site-packages\pydot\dot_parser.py:376: DeprecationWarning: 'setParseAction' deprecated - use 'set_parse_action'
    node_stmt.setParseAction(push_node_stmt)

tests/unit/test_bmap_public_api.py::test_bmap_pyvis_smoke
  D:\Projects\Repositories\numpy_buffermap\.venv\Lib\site-packages\pydot\dot_parser.py:377: DeprecationWarning: 'setParseAction' deprecated - use 'set_parse_action'
    default_stmt.setParseAction(push_default_stmt)

tests/unit/test_bmap_public_api.py::test_bmap_pyvis_smoke
  D:\Projects\Repositories\numpy_buffermap\.venv\Lib\site-packages\pydot\dot_parser.py:379: DeprecationWarning: 'setParseAction' deprecated - use 'set_parse_action'
    subgraph.setParseAction(push_subgraph_stmt)

tests/unit/test_bmap_public_api.py::test_bmap_pyvis_smoke
  D:\Projects\Repositories\numpy_buffermap\.venv\Lib\site-packages\pydot\dot_parser.py:380: DeprecationWarning: 'setParseAction' deprecated - use 'set_parse_action'
    graph_stmt.setParseAction(push_graph_stmt)

tests/unit/test_bmap_public_api.py::test_bmap_pyvis_smoke
  D:\Projects\Repositories\numpy_buffermap\.venv\Lib\site-packages\pydot\dot_parser.py:381: DeprecationWarning: 'setParseAction' deprecated - use 'set_parse_action'
    parser.setParseAction(push_top_graph_stmt)

-- Docs: https://docs.pytest.org/en/stable/how-to/capture-warnings.html
=============================== tests coverage ================================
_______________ coverage: platform win32, python 3.12.8-final-0 _______________

Name                  Stmts   Miss Branch BrPart  Cover   Missing
-----------------------------------------------------------------
bmap\_nodes.py          247     34     92     14    81%   97-99, 108, 144-145, 148->exit, 210-215, 224, 246->exit, 248-249, 274-276, 277->289, 308->exit, 348, 350-351, 354, 435->exit, 501-502, 509-515, 532-536
bmap\_procedures.py     358     87    146     26    69%   85-87, 113->exit, 127-129, 151-166, 180-183, 204-212, 218, 263->265, 367-369, 403-405, 410-417, 435-436, 594->exit, 600, 607, 708->712, 709->712, 751->753, 755-760, 761->764, 763, 765-767, 768->773, 769->773, 799-826, 859-860, 865->exit, 914->917, 929
bmap\_util.py           389     78    170     33    73%   14-18, 64-67, 76, 80->exit, 89->exit, 92-106, 109-119, 123-136, 140-142, 360, 391, 411->exit, 413->exit, 422-426, 442-445, 465->exit, 483-485, 490-491, 507->exit, 508->exit, 509->exit, 532->534, 561, 578-580, 588->592, 589->592, 590->592, 618-619, 627->679, 639->637, 645->650, 646->645, 653-658, 661-676, 683->687, 688->693, 729->exit, 744->exit
-----------------------------------------------------------------
TOTAL                   999    199    408     73    74%

1 file skipped due to complete coverage.
Coverage HTML written to dir tests/report/pytest/2026-01-09 20-21-25 UTC/html
=========================== short test summary info ===========================
FAILED tests/unit/test_bmap_public_api.py::test_bmap_get_clone_and_allocator_string
============= 1 failed, 27 passed, 1 skipped, 8 warnings in 3.78s =============
Exception ignored in atexit callback: <function cleanup_numbered_dir at 0x000001406EDF28E0>
Traceback (most recent call last):
  File "D:\Projects\Repositories\numpy_buffermap\.venv\Lib\site-packages\_pytest\pathlib.py", line 374, in cleanup_numbered_dir
    cleanup_dead_symlinks(root)
  File "D:\Projects\Repositories\numpy_buffermap\.venv\Lib\site-packages\_pytest\pathlib.py", line 359, in cleanup_dead_symlinks
    if not left_dir.resolve().exists():
           ^^^^^^^^^^^^^^^^^^^^^^^^^^^
  File "C:\Users\charl\mambaforge\envs\codeutil\Lib\pathlib.py", line 860, in exists
    self.stat(follow_symlinks=follow_symlinks)
  File "C:\Users\charl\mambaforge\envs\codeutil\Lib\pathlib.py", line 840, in stat
    return os.stat(self, follow_symlinks=follow_symlinks)
           ^^^^^^^^^^^^^^^^^^^^^^^^^^^^^^^^^^^^^^^^^^^^^^
PermissionError: [WinError 5] Access is denied: 'C:\\Users\\charl\\AppData\\Local\\Temp\\pytest-of-charl\\pytest-current'
