_______________ coverage: platform win32, python 3.12.8-final-0 _______________

Name                  Stmts   Miss Branch BrPart  Cover   Missing
-----------------------------------------------------------------
bmap\_nodes.py          279      4     90      6    97%   44, 95->exit, 338->354, 505->504, 592, 599, 603
bmap\_procedures.py     397     18    186     18    93%   163, 217, 239, 260->262, 299->301, 346->349, 396, 488, 510->509, 779, 784->790, 790->796, 797, 896-899, 909->912, 927, 947-951, 1105-1106, 1128->1139, 1165->1168, 1175-1180
bmap\_util.py           420     25    162     12    91%   13-17, 69, 80, 111->116, 151->exit, 319->331, 330, 497->501, 616->618, 676-697, 773, 795->799, 800->808
-----------------------------------------------------------------
TOTAL                  1100     47    438     36    93%

1 file skipped due to complete coverage.
================== 66 passed, 1 skipped, 8 warnings in 4.41s ==================
