_______________ coverage: platform win32, python 3.12.8-final-0 _______________

Name                  Stmts   Miss Branch BrPart  Cover   Missing
-----------------------------------------------------------------
bmap\_nodes.py          279      4     90      6    97%   44, 95->exit, 338->354, 505->504, 592, 599, 603
bmap\_procedures.py     394     18    186     18    93%   151, 205, 227, 248->250, 287->289, 334->337, 384, 476, 498->497, 767, 772->778, 778->784, 785, 884-887, 897->900, 915, 935-939, 1093-1094, 1116->1127, 1153->1156, 1163-1168
bmap\_util.py           419     25    162     12    91%   13-17, 69, 80, 111->116, 151->exit, 319->331, 330, 497->501, 615->617, 675-696, 772, 794->798, 799->807
-----------------------------------------------------------------
TOTAL                  1096     47    438     36    93%

1 file skipped due to complete coverage.
=========================== short test summary info ===========================
FAILED tests/unit/test_bmap_public_api.py::test_build_buffer_allocator_no_check
============= 1 failed, 65 passed, 1 skipped, 8 warnings in 4.83s =============
