_______________ coverage: platform win32, python 3.12.8-final-0 _______________

Name                  Stmts   Miss Branch BrPart  Cover   Missing
-----------------------------------------------------------------
bmap\_nodes.py          246      1     92      2    99%   277->289, 354
bmap\_procedures.py     359     27    144      5    92%   112, 161->189, 177->186, 261->263, 758->761, 796-823, 856-857, 911->914, 921-926
bmap\_util.py           391     21    172     13    94%   14-18, 67, 76, 102->106, 444->447, 509->exit, 510->exit, 511->exit, 620-621, 629->681, 663-678, 685->689, 690->695
-----------------------------------------------------------------
TOTAL                  1000     49    408     20    94%

1 file skipped due to complete coverage.
============ 64 passed, 1 skipped, 1 xfailed, 8 warnings in 4.34s =============
