_______________ coverage: platform win32, python 3.12.8-final-0 _______________

Name                  Stmts   Miss Branch BrPart  Cover   Missing
-----------------------------------------------------------------
bmap\_nodes.py          279      4     90      6    97%   44, 95->exit, 338->354, 505->504, 592, 599, 603
bmap\_procedures.py     395     18    186     18    93%   143, 197, 219, 240->242, 279->281, 326->329, 376, 468, 490->489, 759, 764->770, 770->776, 777, 876-879, 889->892, 907, 927-931, 1085-1086, 1108->1119, 1145->1148, 1155-1160
bmap\_util.py           420     25    162     12    91%   13-17, 69, 80, 111->116, 151->exit, 319->331, 330, 497->501, 616->618, 676-697, 773, 795->799, 800->808
-----------------------------------------------------------------
TOTAL                  1098     47    438     36    93%

1 file skipped due to complete coverage.
================== 66 passed, 1 skipped, 8 warnings in 4.11s ==================
