_______________ coverage: platform win32, python 3.12.8-final-0 _______________

Name                  Stmts   Miss Branch BrPart  Cover   Missing
-----------------------------------------------------------------
bmap\_nodes.py          279      4     90      6    97%   44, 95->exit, 338->354, 505->504, 592, 599, 603
bmap\_procedures.py     394     18    186     18    93%   147, 201, 223, 244->246, 283->285, 330->333, 380, 472, 494->493, 763, 768->774, 774->780, 781, 880-883, 893->896, 911, 931-935, 1089-1090, 1112->1123, 1149->1152, 1159-1164
bmap\_util.py           419     25    162     12    91%   13-17, 69, 80, 111->116, 151->exit, 319->331, 330, 497->501, 615->617, 675-696, 772, 794->798, 799->807
-----------------------------------------------------------------
TOTAL                  1096     47    438     36    93%

1 file skipped due to complete coverage.
=========================== short test summary info ===========================
FAILED tests/unit/test_bmap_public_api.py::test_build_buffer_allocator_no_check
============= 1 failed, 65 passed, 1 skipped, 8 warnings in 4.46s =============
