_______________ coverage: platform win32, python 3.12.8-final-0 _______________

Name                  Stmts   Miss Branch BrPart  Cover   Missing
-----------------------------------------------------------------
bmap\_nodes.py          246      1     92      2    99%   277->289, 354
bmap\_procedures.py     359     27    144      5    92%   112, 161->189, 177->186, 261->263, 758->761, 796-823, 856-857, 911->914, 921-926
bmap\_util.py           389     22    170     17    93%   14-18, 67, 76, 102->106, 442->445, 507->exit, 508->exit, 509->exit, 618-619, 627->679, 645->650, 654->652, 655->654, 658, 661-676, 683->687, 688->693
-----------------------------------------------------------------
TOTAL                   998     50    406     24    94%

1 file skipped due to complete coverage.
============ 60 passed, 1 skipped, 1 xfailed, 8 warnings in 3.84s =============
